#
# There is insufficient memory for the Java Runtime Environment to continue.
# Native memory allocation (malloc) failed to allocate 315696 bytes for Chunk::new
# Possible reasons:
#   The system is out of physical RAM or swap space
#   In 32 bit mode, the process size limit was hit
# Possible solutions:
#   Reduce memory load on the system
#   Increase physical memory or swap space
#   Check if swap backing store is full
#   Use 64 bit Java on a 64 bit OS
#   Decrease Java heap size (-Xmx/-Xms)
#   Decrease number of Java threads
#   Decrease Java thread stack sizes (-Xss)
#   Set larger code cache with -XX:ReservedCodeCacheSize=
# This output file may be truncated or incomplete.
#
#  Out of Memory Error (allocation.cpp:390), pid=11736, tid=0x0000000000003850
#
# JRE version: Java(TM) SE Runtime Environment (8.0_162-b12) (build 1.8.0_162-b12)
# Java VM: Java HotSpot(TM) 64-Bit Server VM (25.162-b12 mixed mode windows-amd64 compressed oops)
# Failed to write core dump. Minidumps are not enabled by default on client versions of Windows
#

---------------  T H R E A D  ---------------

Current thread (0x0000000014c28800):  JavaThread "C2 CompilerThread1" daemon [_thread_in_native, id=14416, stack(0x0000000016370000,0x0000000016470000)]

Stack: [0x0000000016370000,0x0000000016470000]
[error occurred during error reporting (printing stack bounds), id 0xc0000005]

Native frames: (J=compiled Java code, j=interpreted, Vv=VM code, C=native code)


Current CompileTask:
C2:  45265 4150       4       com.sun.beans.TypeResolver::resolve (37 bytes)


---------------  P R O C E S S  ---------------

Java Threads: ( => current thread )
  0x000000001ac9d800 JavaThread "Build operations Thread 4" [_thread_blocked, id=684, stack(0x000000001f290000,0x000000001f390000)]
  0x000000001ac9d000 JavaThread "Build operations Thread 3" [_thread_blocked, id=14752, stack(0x000000001f190000,0x000000001f290000)]
  0x000000001ac9b800 JavaThread "Build operations Thread 2" [_thread_blocked, id=5584, stack(0x000000001f090000,0x000000001f190000)]
  0x000000001ac9a800 JavaThread "Build operations" [_thread_blocked, id=17976, stack(0x000000001ef90000,0x000000001f090000)]
  0x000000001ac9e800 JavaThread "Cache worker for Artifact transforms cache (C:\Users\Hp\.gradle\caches\transforms-1)" [_thread_blocked, id=7924, stack(0x000000001ee90000,0x000000001ef90000)]
  0x0000000014c32000 JavaThread "Cache worker for cache directory md-rule (C:\Users\Hp\.gradle\caches\4.10.2\md-rule)" [_thread_blocked, id=15472, stack(0x000000001ed90000,0x000000001ee90000)]
  0x0000000014c2f800 JavaThread "Cache worker for cache directory md-supplier (C:\Users\Hp\.gradle\caches\4.10.2\md-supplier)" [_thread_blocked, id=6780, stack(0x000000001d310000,0x000000001d410000)]
  0x0000000014c2e000 JavaThread "Cache worker for journal cache (C:\Users\Hp\.gradle\caches\journal-1)" [_thread_blocked, id=14188, stack(0x000000001d210000,0x000000001d310000)]
  0x0000000014c2d800 JavaThread "Cache worker for file hash cache (C:\Users\Hp\Documents\react-native\application1\android\.gradle\4.10.2\fileHashes)" [_thread_blocked, id=4120, stack(0x000000001cbc0000,0x000000001ccc0000)]
  0x0000000014c34000 JavaThread "File lock request listener" [_thread_in_native, id=18288, stack(0x000000001b560000,0x000000001b660000)]
  0x0000000014c32800 JavaThread "Cache worker for file hash cache (C:\Users\Hp\.gradle\caches\4.10.2\fileHashes)" [_thread_blocked, id=17492, stack(0x000000001b460000,0x000000001b560000)]
  0x0000000017963000 JavaThread "Stdin handler" [_thread_blocked, id=9124, stack(0x00000000191c0000,0x00000000192c0000)]
  0x0000000016ee4000 JavaThread "Asynchronous log dispatcher for DefaultDaemonConnection: socket connection from /127.0.0.1:57418 to /127.0.0.1:57419" [_thread_blocked, id=18172, stack(0x00000000190c0000,0x00000000191c0000)]
  0x0000000016758800 JavaThread "Daemon worker" [_thread_in_native, id=8744, stack(0x0000000018fc0000,0x00000000190c0000)]
  0x0000000016758000 JavaThread "Cancel handler" [_thread_blocked, id=9640, stack(0x0000000018ec0000,0x0000000018fc0000)]
  0x000000001672f000 JavaThread "Handler for socket connection from /127.0.0.1:57418 to /127.0.0.1:57419" [_thread_in_native, id=10932, stack(0x0000000018dc0000,0x0000000018ec0000)]
  0x0000000016731000 JavaThread "Daemon" [_thread_blocked, id=5864, stack(0x0000000018cc0000,0x0000000018dc0000)]
  0x0000000017032800 JavaThread "Daemon periodic checks" [_thread_blocked, id=7712, stack(0x0000000018bc0000,0x0000000018cc0000)]
  0x0000000016e26000 JavaThread "Incoming local TCP Connector on port 57418" [_thread_in_native, id=104, stack(0x0000000018980000,0x0000000018a80000)]
  0x000000001682e800 JavaThread "Daemon health stats" [_thread_blocked, id=6752, stack(0x0000000018340000,0x0000000018440000)]
  0x0000000014c7d000 JavaThread "Service Thread" daemon [_thread_blocked, id=308, stack(0x0000000016970000,0x0000000016a70000)]
  0x0000000014c30800 JavaThread "C1 CompilerThread2" daemon [_thread_blocked, id=11828, stack(0x0000000016470000,0x0000000016570000)]
=>0x0000000014c28800 JavaThread "C2 CompilerThread1" daemon [_thread_in_native, id=14416, stack(0x0000000016370000,0x0000000016470000)]
  0x0000000014c21000 JavaThread "C2 CompilerThread0" daemon [_thread_in_native, id=10296, stack(0x0000000016270000,0x0000000016370000)]
  0x0000000014c1d000 JavaThread "Attach Listener" daemon [_thread_blocked, id=10444, stack(0x0000000016170000,0x0000000016270000)]
  0x0000000014c1b800 JavaThread "Signal Dispatcher" daemon [_thread_blocked, id=15884, stack(0x0000000016070000,0x0000000016170000)]
  0x000000000254c800 JavaThread "Finalizer" daemon [_thread_blocked, id=14976, stack(0x0000000015e70000,0x0000000015f70000)]
  0x0000000002542000 JavaThread "Reference Handler" daemon [_thread_blocked, id=14720, stack(0x0000000015d70000,0x0000000015e70000)]
  0x0000000002452800 JavaThread "main" [_thread_blocked, id=3316, stack(0x00000000022f0000,0x00000000023f0000)]

Other Threads:
  0x0000000014be7800 VMThread [stack: 0x0000000015c70000,0x0000000015d70000] [id=8108]
  0x0000000014c7e000 WatcherThread [stack: 0x0000000016a70000,0x0000000016b70000] [id=9252]

VM state:not at safepoint (normal execution)

VM Mutex/Monitor currently owned by a thread: None

Heap:
 PSYoungGen      total 99840K, used 49791K [0x00000000eab00000, 0x00000000f4180000, 0x0000000100000000)
  eden space 89600K, 44% used [0x00000000eab00000,0x00000000ed1a21e8,0x00000000f0280000)
  from space 10240K, 99% used [0x00000000f0280000,0x00000000f0c7da90,0x00000000f0c80000)
  to   space 12800K, 0% used [0x00000000f3500000,0x00000000f3500000,0x00000000f4180000)
 ParOldGen       total 73728K, used 20017K [0x00000000c0000000, 0x00000000c4800000, 0x00000000eab00000)
  object space 73728K, 27% used [0x00000000c0000000,0x00000000c138c498,0x00000000c4800000)
 Metaspace       used 46080K, capacity 46768K, committed 47016K, reserved 1089536K
  class space    used 6303K, capacity 6574K, committed 6576K, reserved 1048576K

Card table byte_map: [0x0000000011910000,0x0000000011b20000] byte_map_base: 0x0000000011310000

Marking Bits: (ParMarkBitMap*) 0x0000000055590860
 Begin Bits: [0x0000000012080000, 0x0000000013080000)
 End Bits:   [0x0000000013080000, 0x0000000014080000)

Polling page: 0x00000000023f0000

CodeCache: size=245760Kb used=14058Kb max_used=14058Kb free=231701Kb
 bounds [0x0000000002550000, 0x0000000003320000, 0x0000000011550000]
 total_blobs=4649 nmethods=3878 adapters=682
 compilation: enabled

Compilation events (10 events):
Event: 45.171 Thread 0x0000000014c30800 4164       3       java.lang.invoke.MethodHandles$Lookup::checkAccess (250 bytes)
Event: 45.173 Thread 0x0000000014c30800 nmethod 4164 0x00000000026c8710 code [0x00000000026c89c0, 0x00000000026ca248]
Event: 45.185 Thread 0x0000000014c30800 4166       3       sun.nio.fs.WindowsFileAttributes::isReparsePoint (14 bytes)
Event: 45.185 Thread 0x0000000014c30800 nmethod 4166 0x00000000029ec210 code [0x00000000029ec360, 0x00000000029ec4f0]
Event: 45.186 Thread 0x0000000014c30800 4167       3       sun.nio.fs.WindowsPathParser::parse (384 bytes)
Event: 45.190 Thread 0x0000000014c30800 nmethod 4167 0x00000000033165d0 code [0x0000000003316b40, 0x000000000331a888]
Event: 45.190 Thread 0x0000000014c30800 4168       3       sun.nio.fs.WindowsPathParser$Result::<init> (20 bytes)
Event: 45.190 Thread 0x0000000014c30800 nmethod 4168 0x00000000029c3490 code [0x00000000029c35e0, 0x00000000029c37d0]
Event: 45.191 Thread 0x0000000014c30800 4169       1       sun.nio.fs.NativeBuffer::owner (5 bytes)
Event: 45.191 Thread 0x0000000014c30800 nmethod 4169 0x00000000029c31d0 code [0x00000000029c3320, 0x00000000029c3430]

GC Heap History (10 events):
Event: 25.944 GC heap before
{Heap before GC invocations=9 (full 1):
 PSYoungGen      total 43520K, used 38116K [0x00000000eab00000, 0x00000000ef900000, 0x0000000100000000)
  eden space 32768K, 100% used [0x00000000eab00000,0x00000000ecb00000,0x00000000ecb00000)
  from space 10752K, 49% used [0x00000000ecb00000,0x00000000ed0390d0,0x00000000ed580000)
  to   space 10240K, 0% used [0x00000000eef00000,0x00000000eef00000,0x00000000ef900000)
 ParOldGen       total 55296K, used 8968K [0x00000000c0000000, 0x00000000c3600000, 0x00000000eab00000)
  object space 55296K, 16% used [0x00000000c0000000,0x00000000c08c2260,0x00000000c3600000)
 Metaspace       used 28240K, capacity 28628K, committed 28848K, reserved 1073152K
  class space    used 4005K, capacity 4173K, committed 4272K, reserved 1048576K
Event: 25.964 GC heap after
Heap after GC invocations=9 (full 1):
 PSYoungGen      total 70144K, used 6049K [0x00000000eab00000, 0x00000000ef980000, 0x0000000100000000)
  eden space 59904K, 0% used [0x00000000eab00000,0x00000000eab00000,0x00000000ee580000)
  from space 10240K, 59% used [0x00000000eef00000,0x00000000ef4e8510,0x00000000ef900000)
  to   space 9728K, 0% used [0x00000000ee580000,0x00000000ee580000,0x00000000eef00000)
 ParOldGen       total 55296K, used 8976K [0x00000000c0000000, 0x00000000c3600000, 0x00000000eab00000)
  object space 55296K, 16% used [0x00000000c0000000,0x00000000c08c4260,0x00000000c3600000)
 Metaspace       used 28240K, capacity 28628K, committed 28848K, reserved 1073152K
  class space    used 4005K, capacity 4173K, committed 4272K, reserved 1048576K
}
Event: 41.649 GC heap before
{Heap before GC invocations=10 (full 1):
 PSYoungGen      total 70144K, used 65953K [0x00000000eab00000, 0x00000000ef980000, 0x0000000100000000)
  eden space 59904K, 100% used [0x00000000eab00000,0x00000000ee580000,0x00000000ee580000)
  from space 10240K, 59% used [0x00000000eef00000,0x00000000ef4e8510,0x00000000ef900000)
  to   space 9728K, 0% used [0x00000000ee580000,0x00000000ee580000,0x00000000eef00000)
 ParOldGen       total 55296K, used 8976K [0x00000000c0000000, 0x00000000c3600000, 0x00000000eab00000)
  object space 55296K, 16% used [0x00000000c0000000,0x00000000c08c4260,0x00000000c3600000)
 Metaspace       used 31624K, capacity 31968K, committed 32432K, reserved 1077248K
  class space    used 4500K, capacity 4665K, committed 4784K, reserved 1048576K
Event: 41.664 GC heap after
Heap after GC invocations=10 (full 1):
 PSYoungGen      total 69632K, used 8097K [0x00000000eab00000, 0x00000000f1680000, 0x0000000100000000)
  eden space 59904K, 0% used [0x00000000eab00000,0x00000000eab00000,0x00000000ee580000)
  from space 9728K, 83% used [0x00000000ee580000,0x00000000eed68480,0x00000000eef00000)
  to   space 10240K, 0% used [0x00000000f0c80000,0x00000000f0c80000,0x00000000f1680000)
 ParOldGen       total 55296K, used 10672K [0x00000000c0000000, 0x00000000c3600000, 0x00000000eab00000)
  object space 55296K, 19% used [0x00000000c0000000,0x00000000c0a6c2e0,0x00000000c3600000)
 Metaspace       used 31624K, capacity 31968K, committed 32432K, reserved 1077248K
  class space    used 4500K, capacity 4665K, committed 4784K, reserved 1048576K
}
Event: 42.558 GC heap before
{Heap before GC invocations=11 (full 1):
 PSYoungGen      total 69632K, used 41402K [0x00000000eab00000, 0x00000000f1680000, 0x0000000100000000)
  eden space 59904K, 55% used [0x00000000eab00000,0x00000000ecb86518,0x00000000ee580000)
  from space 9728K, 83% used [0x00000000ee580000,0x00000000eed68480,0x00000000eef00000)
  to   space 10240K, 0% used [0x00000000f0c80000,0x00000000f0c80000,0x00000000f1680000)
 ParOldGen       total 55296K, used 10672K [0x00000000c0000000, 0x00000000c3600000, 0x00000000eab00000)
  object space 55296K, 19% used [0x00000000c0000000,0x00000000c0a6c2e0,0x00000000c3600000)
 Metaspace       used 34733K, capacity 35198K, committed 35496K, reserved 1079296K
  class space    used 4809K, capacity 5014K, committed 5040K, reserved 1048576K
Event: 42.571 GC heap after
Heap after GC invocations=11 (full 1):
 PSYoungGen      total 99840K, used 5165K [0x00000000eab00000, 0x00000000f1700000, 0x0000000100000000)
  eden space 89600K, 0% used [0x00000000eab00000,0x00000000eab00000,0x00000000f0280000)
  from space 10240K, 50% used [0x00000000f0c80000,0x00000000f118b500,0x00000000f1680000)
  to   space 10240K, 0% used [0x00000000f0280000,0x00000000f0280000,0x00000000f0c80000)
 ParOldGen       total 55296K, used 13425K [0x00000000c0000000, 0x00000000c3600000, 0x00000000eab00000)
  object space 55296K, 24% used [0x00000000c0000000,0x00000000c0d1c5b0,0x00000000c3600000)
 Metaspace       used 34733K, capacity 35198K, committed 35496K, reserved 1079296K
  class space    used 4809K, capacity 5014K, committed 5040K, reserved 1048576K
}
Event: 42.571 GC heap before
{Heap before GC invocations=12 (full 2):
 PSYoungGen      total 99840K, used 5165K [0x00000000eab00000, 0x00000000f1700000, 0x0000000100000000)
  eden space 89600K, 0% used [0x00000000eab00000,0x00000000eab00000,0x00000000f0280000)
  from space 10240K, 50% used [0x00000000f0c80000,0x00000000f118b500,0x00000000f1680000)
  to   space 10240K, 0% used [0x00000000f0280000,0x00000000f0280000,0x00000000f0c80000)
 ParOldGen       total 55296K, used 13425K [0x00000000c0000000, 0x00000000c3600000, 0x00000000eab00000)
  object space 55296K, 24% used [0x00000000c0000000,0x00000000c0d1c5b0,0x00000000c3600000)
 Metaspace       used 34733K, capacity 35198K, committed 35496K, reserved 1079296K
  class space    used 4809K, capacity 5014K, committed 5040K, reserved 1048576K
Event: 42.689 GC heap after
Heap after GC invocations=12 (full 2):
 PSYoungGen      total 99840K, used 0K [0x00000000eab00000, 0x00000000f1700000, 0x0000000100000000)
  eden space 89600K, 0% used [0x00000000eab00000,0x00000000eab00000,0x00000000f0280000)
  from space 10240K, 0% used [0x00000000f0c80000,0x00000000f0c80000,0x00000000f1680000)
  to   space 10240K, 0% used [0x00000000f0280000,0x00000000f0280000,0x00000000f0c80000)
 ParOldGen       total 73728K, used 16185K [0x00000000c0000000, 0x00000000c4800000, 0x00000000eab00000)
  object space 73728K, 21% used [0x00000000c0000000,0x00000000c0fce5a8,0x00000000c4800000)
 Metaspace       used 34673K, capacity 35078K, committed 35496K, reserved 1079296K
  class space    used 4791K, capacity 4974K, committed 5040K, reserved 1048576K
}
Event: 44.505 GC heap before
{Heap before GC invocations=13 (full 2):
 PSYoungGen      total 99840K, used 89600K [0x00000000eab00000, 0x00000000f1700000, 0x0000000100000000)
  eden space 89600K, 100% used [0x00000000eab00000,0x00000000f0280000,0x00000000f0280000)
  from space 10240K, 0% used [0x00000000f0c80000,0x00000000f0c80000,0x00000000f1680000)
  to   space 10240K, 0% used [0x00000000f0280000,0x00000000f0280000,0x00000000f0c80000)
 ParOldGen       total 73728K, used 16185K [0x00000000c0000000, 0x00000000c4800000, 0x00000000eab00000)
  object space 73728K, 21% used [0x00000000c0000000,0x00000000c0fce5a8,0x00000000c4800000)
 Metaspace       used 44621K, capacity 45258K, committed 45736K, reserved 1089536K
  class space    used 6052K, capacity 6265K, committed 6320K, reserved 1048576K
Event: 44.525 GC heap after
Heap after GC invocations=13 (full 2):
 PSYoungGen      total 99840K, used 10230K [0x00000000eab00000, 0x00000000f4180000, 0x0000000100000000)
  eden space 89600K, 0% used [0x00000000eab00000,0x00000000eab00000,0x00000000f0280000)
  from space 10240K, 99% used [0x00000000f0280000,0x00000000f0c7da90,0x00000000f0c80000)
  to   space 12800K, 0% used [0x00000000f3500000,0x00000000f3500000,0x00000000f4180000)
 ParOldGen       total 73728K, used 20017K [0x00000000c0000000, 0x00000000c4800000, 0x00000000eab00000)
  object space 73728K, 27% used [0x00000000c0000000,0x00000000c138c498,0x00000000c4800000)
 Metaspace       used 44621K, capacity 45258K, committed 45736K, reserved 1089536K
  class space    used 6052K, capacity 6265K, committed 6320K, reserved 1048576K
}

Deoptimization events (10 events):
Event: 43.689 Thread 0x0000000016758800 Uncommon trap: reason=unstable_if action=reinterpret pc=0x0000000003162ed0 method=java.security.CodeSource.matchCerts(Ljava/security/CodeSource;Z)Z @ 11
Event: 43.723 Thread 0x0000000016758800 Uncommon trap: reason=unstable_if action=reinterpret pc=0x0000000002ee61c0 method=java.util.LinkedHashMap.get(Ljava/lang/Object;)Ljava/lang/Object; @ 20
Event: 43.795 Thread 0x0000000016758800 Uncommon trap: reason=unstable_if action=reinterpret pc=0x0000000002d8ae9c method=org.objectweb.asm.ByteVector.putUTF8(Ljava/lang/String;)Lorg/objectweb/asm/ByteVector; @ 91
Event: 43.934 Thread 0x0000000016758800 Uncommon trap: reason=unstable_if action=reinterpret pc=0x0000000002c5f1b0 method=org.objectweb.asm.ByteVector.putUTF8(Ljava/lang/String;)Lorg/objectweb/asm/ByteVector; @ 91
Event: 44.406 Thread 0x0000000016758800 Uncommon trap: reason=unstable_if action=reinterpret pc=0x000000000314a4e8 method=org.codehaus.groovy.reflection.CachedMethod.compareToMethod(Ljava/lang/reflect/Method;)I @ 111
Event: 44.807 Thread 0x0000000016758800 Uncommon trap: reason=class_check action=maybe_recompile pc=0x00000000031a5a64 method=java.lang.reflect.Executable.getAnnotation(Ljava/lang/Class;)Ljava/lang/annotation/Annotation; @ 19
Event: 44.936 Thread 0x0000000016758800 Uncommon trap: reason=bimorphic action=maybe_recompile pc=0x00000000032f883c method=java.util.regex.Pattern$5.isSatisfiedBy(I)Z @ 16
Event: 44.936 Thread 0x0000000016758800 Uncommon trap: reason=bimorphic action=maybe_recompile pc=0x00000000032f883c method=java.util.regex.Pattern$5.isSatisfiedBy(I)Z @ 16
Event: 44.936 Thread 0x0000000016758800 Uncommon trap: reason=bimorphic action=maybe_recompile pc=0x00000000032f883c method=java.util.regex.Pattern$5.isSatisfiedBy(I)Z @ 16
Event: 44.936 Thread 0x0000000016758800 Uncommon trap: reason=bimorphic action=maybe_recompile pc=0x00000000032f883c method=java.util.regex.Pattern$5.isSatisfiedBy(I)Z @ 16

Classes redefined (0 events):
No events

Internal exceptions (10 events):
Event: 44.874 Thread 0x0000000016758800 Exception <a 'java/lang/ClassNotFoundException': org/gradle/api/internal/artifacts/configurations/DefaultConfigurationContainerCustomizer> (0x00000000ec8fd5c8) thrown at [C:\re\workspace\8-2-build-windows-amd64-cygwin\jdk8u162\10278\hotspot\src\share\vm\c
Event: 44.876 Thread 0x0000000016758800 Exception <a 'java/lang/ClassNotFoundException': org/gradle/api/internal/artifacts/configurations/DefaultConfigurationContainer_DecoratedCustomizer> (0x00000000ec984290) thrown at [C:\re\workspace\8-2-build-windows-amd64-cygwin\jdk8u162\10278\hotspot\src\
Event: 45.168 Thread 0x0000000016758800 Exception <a 'sun/nio/fs/WindowsException'> (0x00000000ed04d938) thrown at [C:\re\workspace\8-2-build-windows-amd64-cygwin\jdk8u162\10278\hotspot\src\share\vm\prims\jni.cpp, line 709]
Event: 45.169 Thread 0x0000000016758800 Exception <a 'sun/nio/fs/WindowsException'> (0x00000000ed04e5e8) thrown at [C:\re\workspace\8-2-build-windows-amd64-cygwin\jdk8u162\10278\hotspot\src\share\vm\prims\jni.cpp, line 709]
Event: 45.169 Thread 0x0000000016758800 Exception <a 'sun/nio/fs/WindowsException'> (0x00000000ed050788) thrown at [C:\re\workspace\8-2-build-windows-amd64-cygwin\jdk8u162\10278\hotspot\src\share\vm\prims\jni.cpp, line 709]
Event: 45.169 Thread 0x0000000016758800 Exception <a 'sun/nio/fs/WindowsException'> (0x00000000ed051478) thrown at [C:\re\workspace\8-2-build-windows-amd64-cygwin\jdk8u162\10278\hotspot\src\share\vm\prims\jni.cpp, line 709]
Event: 45.187 Thread 0x0000000016758800 Exception <a 'sun/nio/fs/WindowsException'> (0x00000000ed0626f8) thrown at [C:\re\workspace\8-2-build-windows-amd64-cygwin\jdk8u162\10278\hotspot\src\share\vm\prims\jni.cpp, line 709]
Event: 45.187 Thread 0x0000000016758800 Exception <a 'sun/nio/fs/WindowsException'> (0x00000000ed063420) thrown at [C:\re\workspace\8-2-build-windows-amd64-cygwin\jdk8u162\10278\hotspot\src\share\vm\prims\jni.cpp, line 709]
Event: 45.187 Thread 0x0000000016758800 Exception <a 'sun/nio/fs/WindowsException'> (0x00000000ed065550) thrown at [C:\re\workspace\8-2-build-windows-amd64-cygwin\jdk8u162\10278\hotspot\src\share\vm\prims\jni.cpp, line 709]
Event: 45.187 Thread 0x0000000016758800 Exception <a 'sun/nio/fs/WindowsException'> (0x00000000ed0662b8) thrown at [C:\re\workspace\8-2-build-windows-amd64-cygwin\jdk8u162\10278\hotspot\src\share\vm\prims\jni.cpp, line 709]

Events (10 events):
Event: 45.182 loading class java/util/stream/Node$OfDouble done
Event: 45.182 loading class java/util/stream/Nodes$EmptyNode$OfDouble done
Event: 45.182 loading class java/util/stream/Nodes$SpinedNodeBuilder
Event: 45.183 loading class java/util/stream/Node$Builder
Event: 45.183 loading class java/util/stream/Node$Builder done
Event: 45.183 loading class java/util/stream/SpinedBuffer
Event: 45.184 loading class java/util/stream/AbstractSpinedBuffer
Event: 45.184 loading class java/util/stream/AbstractSpinedBuffer done
Event: 45.184 loading class java/util/stream/SpinedBuffer done
Event: 45.185 loading class java/util/stream/Nodes$SpinedNodeBuilder done


Dynamic libraries:
0x00007ff7fb510000 - 0x00007ff7fb547000 	C:\Program Files\Java\jdk1.8.0_162\bin\java.exe
0x00007ffb6dd40000 - 0x00007ffb6df21000 	C:\WINDOWS\SYSTEM32\ntdll.dll
0x00007ffb6ce10000 - 0x00007ffb6cec1000 	C:\WINDOWS\System32\KERNEL32.DLL
0x00007ffb6a400000 - 0x00007ffb6a673000 	C:\WINDOWS\System32\KERNELBASE.dll
0x00007ffb6cc80000 - 0x00007ffb6cd21000 	C:\WINDOWS\System32\ADVAPI32.dll
0x00007ffb6cd40000 - 0x00007ffb6cdde000 	C:\WINDOWS\System32\msvcrt.dll
0x00007ffb6b380000 - 0x00007ffb6b3db000 	C:\WINDOWS\System32\sechost.dll
0x00007ffb6c820000 - 0x00007ffb6c944000 	C:\WINDOWS\System32\RPCRT4.dll
0x00007ffb6da20000 - 0x00007ffb6dbb0000 	C:\WINDOWS\System32\USER32.dll
0x00007ffb6a3e0000 - 0x00007ffb6a400000 	C:\WINDOWS\System32\win32u.dll
0x00007ffb6b1d0000 - 0x00007ffb6b1f8000 	C:\WINDOWS\System32\GDI32.dll
0x00007ffb6af80000 - 0x00007ffb6b111000 	C:\WINDOWS\System32\gdi32full.dll
0x00007ffb6a680000 - 0x00007ffb6a71f000 	C:\WINDOWS\System32\msvcp_win.dll
0x00007ffb6a720000 - 0x00007ffb6a818000 	C:\WINDOWS\System32\ucrtbase.dll
0x00007ffb51ba0000 - 0x00007ffb51e09000 	C:\WINDOWS\WinSxS\amd64_microsoft.windows.common-controls_6595b64144ccf1df_6.0.17134.885_none_fb42a3473065565f\COMCTL32.dll
0x00007ffb6c950000 - 0x00007ffb6cc72000 	C:\WINDOWS\System32\combase.dll
0x00007ffb6a110000 - 0x00007ffb6a189000 	C:\WINDOWS\System32\bcryptPrimitives.dll
0x00007ffb6cde0000 - 0x00007ffb6ce0d000 	C:\WINDOWS\System32\IMM32.DLL
0x00000000561d0000 - 0x00000000562a1000 	C:\Program Files\Java\jdk1.8.0_162\jre\bin\msvcr100.dll
0x0000000054d70000 - 0x0000000055610000 	C:\Program Files\Java\jdk1.8.0_162\jre\bin\server\jvm.dll
0x00007ffb6b200000 - 0x00007ffb6b208000 	C:\WINDOWS\System32\PSAPI.DLL
0x00007ffb45120000 - 0x00007ffb45129000 	C:\WINDOWS\SYSTEM32\WSOCK32.dll
0x00007ffb6dbb0000 - 0x00007ffb6dc1c000 	C:\WINDOWS\System32\WS2_32.dll
0x00007ffb63f10000 - 0x00007ffb63f33000 	C:\WINDOWS\SYSTEM32\WINMM.dll
0x00007ffb5d000000 - 0x00007ffb5d00a000 	C:\WINDOWS\SYSTEM32\VERSION.dll
0x00007ffb631d0000 - 0x00007ffb631fa000 	C:\WINDOWS\SYSTEM32\WINMMBASE.dll
0x00007ffb6af30000 - 0x00007ffb6af79000 	C:\WINDOWS\System32\cfgmgr32.dll
0x00000000561c0000 - 0x00000000561cf000 	C:\Program Files\Java\jdk1.8.0_162\jre\bin\verify.dll
0x0000000056190000 - 0x00000000561b9000 	C:\Program Files\Java\jdk1.8.0_162\jre\bin\java.dll
0x0000000056170000 - 0x0000000056186000 	C:\Program Files\Java\jdk1.8.0_162\jre\bin\zip.dll
0x00007ffb6b3e0000 - 0x00007ffb6c820000 	C:\WINDOWS\System32\SHELL32.dll
0x00007ffb6d910000 - 0x00007ffb6d9b9000 	C:\WINDOWS\System32\shcore.dll
0x00007ffb6a820000 - 0x00007ffb6af2d000 	C:\WINDOWS\System32\windows.storage.dll
0x00007ffb6d8b0000 - 0x00007ffb6d901000 	C:\WINDOWS\System32\shlwapi.dll
0x00007ffb6a080000 - 0x00007ffb6a091000 	C:\WINDOWS\System32\kernel.appcore.dll
0x00007ffb6a0f0000 - 0x00007ffb6a10f000 	C:\WINDOWS\System32\profapi.dll
0x00007ffb6a0a0000 - 0x00007ffb6a0ec000 	C:\WINDOWS\System32\powrprof.dll
0x00007ffb6a070000 - 0x00007ffb6a07a000 	C:\WINDOWS\System32\FLTLIB.DLL
0x0000000056150000 - 0x000000005616a000 	C:\Program Files\Java\jdk1.8.0_162\jre\bin\net.dll
0x00007ffb69870000 - 0x00007ffb698d6000 	C:\WINDOWS\system32\mswsock.dll
0x0000000056130000 - 0x0000000056141000 	C:\Program Files\Java\jdk1.8.0_162\jre\bin\nio.dll
0x00007ffb5d160000 - 0x00007ffb5d17e000 	C:\Users\Hp\.gradle\native\25\windows-amd64\native-platform.dll
0x0000000056120000 - 0x000000005612d000 	C:\Program Files\Java\jdk1.8.0_162\jre\bin\management.dll
0x00007ffb69a20000 - 0x00007ffb69a37000 	C:\WINDOWS\SYSTEM32\CRYPTSP.dll
0x00007ffb69460000 - 0x00007ffb69493000 	C:\WINDOWS\system32\rsaenh.dll
0x00007ffb69bb0000 - 0x00007ffb69bd5000 	C:\WINDOWS\SYSTEM32\bcrypt.dll
0x00007ffb69f80000 - 0x00007ffb69fa8000 	C:\WINDOWS\SYSTEM32\USERENV.dll
0x00007ffb69a40000 - 0x00007ffb69a4b000 	C:\WINDOWS\SYSTEM32\CRYPTBASE.dll
0x00007ffb69600000 - 0x00007ffb69638000 	C:\WINDOWS\SYSTEM32\IPHLPAPI.DLL
0x00007ffb6d8a0000 - 0x00007ffb6d8a8000 	C:\WINDOWS\System32\NSI.dll
0x00007ffb65100000 - 0x00007ffb65116000 	C:\WINDOWS\SYSTEM32\dhcpcsvc6.DLL
0x00007ffb650e0000 - 0x00007ffb650fa000 	C:\WINDOWS\SYSTEM32\dhcpcsvc.DLL

VM Arguments:
jvm_args: -XX:+HeapDumpOnOutOfMemoryError -Xmx1024m -Dfile.encoding=windows-1252 -Duser.country=US -Duser.language=en -Duser.variant 
java_command: org.gradle.launcher.daemon.bootstrap.GradleDaemon 4.10.2
java_class_path (initial): C:\Users\Hp\.gradle\wrapper\dists\gradle-4.10.2-all\9fahxiiecdb76a5g3aw9oi8rv\gradle-4.10.2\lib\gradle-launcher-4.10.2.jar
Launcher Type: SUN_STANDARD

Environment Variables:
JAVA_HOME=C:\Program Files\Java\jdk1.8.0_162
CLASSPATH=C:\Users\Hp\Documents\react-native\application1\android\\gradle\wrapper\gradle-wrapper.jar
PATH=C:\ProgramData\Oracle\Java\javapath;C:\WINDOWS\system32;C:\WINDOWS;C:\WINDOWS\System32\Wbem;C:\WINDOWS\System32\WindowsPowerShell\v1.0\;C:\Program Files\Git\cmd;C:\Program Files\Java\jdk1.8.0_162\bin;C:\Program Files\Java\jre1.8.0_162\bin;C:\Users\Hp\AppData\Local\Android\Sdk;C:\Users\Hp\AppData\Local\Android\Sdk\tools;C:\Users\Hp\AppData\Local\Android\Sdk\platform-tools;C:\Users\Hp\AppData\Local\Android\Sdk\build-tools\28.0.0;C:\Gradle\gradle-4.8.1\bin;C:\WINDOWS\System32\OpenSSH\;C:\Program Files\Microsoft VS Code\bin;C:\Program Files (x86)\Yarn\bin\;C:\xampp\php;C:\ProgramData\ComposerSetup\bin;C:\Program Files\nodejs\;C:\Program Files\dotnet\;C:\Users\Hp\Anaconda3;C:\Users\Hp\Anaconda3\Scripts;C:\Users\Hp\Anaconda3\Library\bin;C:\Users\Hp\AppData\Local\Programs\Python\Python35-32\Scripts;C:\Users\Hp\AppData\Local\Programs\Python\Python35-32;C:\Users\Hp\AppData\Local\Programs\Python\Python37-32\Scripts\;C:\Users\Hp\AppData\Local\Programs\Python\Python37-32\;C:\Program Files\Microsoft VS Code\bin;C:\Program Files\MongoDB\Server\3.4\bin;C:\Program Files\heroku\bin;C:\Users\Hp\AppData\Local\GitHubDesktop\bin;C:\Users\Hp\AppData\Local\Microsoft\WindowsApps;C:\Users\Hp\AppData\Local\Yarn\bin;C:\Users\Hp\AppData\Roaming\Composer\vendor\bin;C:\Users\Hp\AppData\Roaming\npm;
USERNAME=Hp
OS=Windows_NT
PROCESSOR_IDENTIFIER=Intel64 Family 6 Model 78 Stepping 3, GenuineIntel



---------------  S Y S T E M  ---------------

OS: Windows 10.0 , 64 bit Build 17134 (10.0.17134.753)

CPU:total 4 (initial active 4) (2 cores per cpu, 2 threads per core) family 6 model 78 stepping 3, cmov, cx8, fxsr, mmx, sse, sse2, sse3, ssse3, sse4.1, sse4.2, popcnt, avx, avx2, aes, clmul, erms, 3dnowpref, lzcnt, ht, tsc, tscinvbit, bmi1, bmi2, adx

Memory: 4k page, physical 8266332k(1140852k free), swap 12182000k(16352k free)

vm_info: Java HotSpot(TM) 64-Bit Server VM (25.162-b12) for windows-amd64 JRE (1.8.0_162-b12), built on Dec 19 2017 20:00:03 by "java_re" with MS VC++ 10.0 (VS2010)

time: Fri Oct 04 01:57:22 2019
elapsed time: 45 seconds (0d 0h 0m 45s)

